<?xml version="1.0" encoding="UTF-8"?>
<!-- Generated by org.testng.reporters.JUnitReportReporter -->
<testsuite hostname="MAN3-LAPTOP488" failures="0" tests="9" name="ATS_Wave.WaveRoster" time="182.564" errors="0" timestamp="2023-07-13T19:56:06 SGT" skipped="0">
  <testcase classname="ATS_Wave.WaveRoster" name="hover" time="12.908"/>
  <system-out/>
  <testcase classname="ATS_Wave.WaveRoster" name="addEmployee" time="13.962"/>
  <system-out/>
  <testcase classname="ATS_Wave.WaveRoster" name="fillOut" time="15.234"/>
  <system-out/>
  <testcase classname="ATS_Wave.WaveRoster" name="status" time="34.625"/>
  <system-out/>
  <testcase classname="ATS_Wave.WaveRoster" name="bell" time="26.396"/>
  <system-out/>
  <testcase classname="ATS_Wave.WaveRoster" name="act" time="21.638"/>
  <system-out/>
  <testcase classname="ATS_Wave.WaveRoster" name="hrInfo" time="21.313"/>
  <system-out/>
  <testcase classname="ATS_Wave.WaveRoster" name="updateStatus" time="25.661"/>
  <system-out/>
  <testcase classname="ATS_Wave.WaveRoster" name="download" time="10.827"/>
  <system-out/>
</testsuite> <!-- ATS_Wave.WaveRoster -->
